{"timestamp":"2025-07-25T08:55:13.376810","level":"info","event":"DAG bundles loaded: dags-folder, example_dags","logger":"airflow.dag_processing.bundles.manager.DagBundlesManager"}
{"timestamp":"2025-07-25T08:55:13.378557","level":"info","event":"Filling up the DagBag from /opt/airflow/dags/tasks.py","logger":"airflow.models.dagbag.DagBag"}
{"timestamp":"2025-07-25T08:55:13.445540Z","level":"info","event":"Task instance is in running state","chan":"stdout","logger":"task"}
{"timestamp":"2025-07-25T08:55:13.446090Z","level":"info","event":" Previous state of the Task instance: TaskInstanceState.QUEUED","chan":"stdout","logger":"task"}
{"timestamp":"2025-07-25T08:55:13.446855Z","level":"info","event":"Current task name:data_quality_checks","chan":"stdout","logger":"task"}
{"timestamp":"2025-07-25T08:55:13.447378Z","level":"info","event":"Dag name:TuneStream_ETL","chan":"stdout","logger":"task"}
{"timestamp":"2025-07-25T08:55:13.454434Z","level":"info","event":"Passed: artists has 69 rows.","chan":"stdout","logger":"task"}
{"timestamp":"2025-07-25T08:55:13.456706Z","level":"info","event":"Passed: artists has 0 NULL values.","chan":"stdout","logger":"task"}
{"timestamp":"2025-07-25T08:55:13.459315Z","level":"info","event":"Passed: artists has 0 duplicate values.","chan":"stdout","logger":"task"}
{"timestamp":"2025-07-25T08:55:13.462901Z","level":"info","event":"Passed: songplays has 6820 rows.","chan":"stdout","logger":"task"}
{"timestamp":"2025-07-25T08:55:13.465081Z","level":"info","event":"Passed: songplays has 0 NULL values.","chan":"stdout","logger":"task"}
{"timestamp":"2025-07-25T08:55:13.472165Z","level":"info","event":"Passed: songplays has 0 duplicate values.","chan":"stdout","logger":"task"}
{"timestamp":"2025-07-25T08:55:13.474839Z","level":"info","event":"Passed: songs has 71 rows.","chan":"stdout","logger":"task"}
{"timestamp":"2025-07-25T08:55:13.477376Z","level":"info","event":"Passed: songs has 0 NULL values.","chan":"stdout","logger":"task"}
{"timestamp":"2025-07-25T08:55:13.480368Z","level":"info","event":"Passed: songs has 0 duplicate values.","chan":"stdout","logger":"task"}
{"timestamp":"2025-07-25T08:55:13.485251Z","level":"info","event":"Passed: time has 6813 rows.","chan":"stdout","logger":"task"}
{"timestamp":"2025-07-25T08:55:13.487406Z","level":"info","event":"Passed: time has 0 NULL values.","chan":"stdout","logger":"task"}
{"timestamp":"2025-07-25T08:55:13.495212Z","level":"info","event":"Passed: time has 0 duplicate values.","chan":"stdout","logger":"task"}
{"timestamp":"2025-07-25T08:55:13.498598Z","level":"info","event":"Passed: users has 96 rows.","chan":"stdout","logger":"task"}
{"timestamp":"2025-07-25T08:55:13.501201Z","level":"info","event":"Passed: users has 0 NULL values.","chan":"stdout","logger":"task"}
{"timestamp":"2025-07-25T08:55:13.504242Z","level":"info","event":"Passed: users has 0 duplicate values.","chan":"stdout","logger":"task"}
{"timestamp":"2025-07-25T08:55:13.505063","level":"info","event":"Done. Returned value was: None","logger":"airflow.task.operators.airflow.providers.standard.operators.python.PythonOperator"}
{"timestamp":"2025-07-25T08:55:13.565743Z","level":"info","event":"Task instance in success state","chan":"stdout","logger":"task"}
{"timestamp":"2025-07-25T08:55:13.566639Z","level":"info","event":" Previous state of the Task instance: TaskInstanceState.RUNNING","chan":"stdout","logger":"task"}
{"timestamp":"2025-07-25T08:55:13.576809Z","level":"info","event":"Task operator:<Task(PythonOperator): data_quality_checks>","chan":"stdout","logger":"task"}
