{"timestamp":"2025-07-25T08:10:18.401788","level":"info","event":"DAG bundles loaded: dags-folder, example_dags","logger":"airflow.dag_processing.bundles.manager.DagBundlesManager"}
{"timestamp":"2025-07-25T08:10:18.402342","level":"info","event":"Filling up the DagBag from /opt/airflow/dags/tasks.py","logger":"airflow.models.dagbag.DagBag"}
{"timestamp":"2025-07-25T08:10:18.454542Z","level":"info","event":"Task instance is in running state","chan":"stdout","logger":"task"}
{"timestamp":"2025-07-25T08:10:18.455100Z","level":"info","event":" Previous state of the Task instance: TaskInstanceState.QUEUED","chan":"stdout","logger":"task"}
{"timestamp":"2025-07-25T08:10:18.455960Z","level":"info","event":"Current task name:Stage_songs","chan":"stdout","logger":"task"}
{"timestamp":"2025-07-25T08:10:18.456441Z","level":"info","event":"Dag name:TuneStream_ETL","chan":"stdout","logger":"task"}
{"timestamp":"2025-07-25T08:10:19.218279Z","level":"info","event":"Load total: 0 records","chan":"stdout","logger":"task"}
{"timestamp":"2025-07-25T08:10:19.225988Z","level":"info","event":"Load total: 1 records","chan":"stdout","logger":"task"}
{"timestamp":"2025-07-25T08:10:19.231085Z","level":"info","event":"Load total: 2 records","chan":"stdout","logger":"task"}
{"timestamp":"2025-07-25T08:10:19.237009Z","level":"info","event":"Load total: 3 records","chan":"stdout","logger":"task"}
{"timestamp":"2025-07-25T08:10:19.242555Z","level":"info","event":"Load total: 4 records","chan":"stdout","logger":"task"}
{"timestamp":"2025-07-25T08:10:19.247730Z","level":"info","event":"Load total: 5 records","chan":"stdout","logger":"task"}
{"timestamp":"2025-07-25T08:10:19.252436Z","level":"info","event":"Load total: 6 records","chan":"stdout","logger":"task"}
{"timestamp":"2025-07-25T08:10:19.257483Z","level":"info","event":"Load total: 7 records","chan":"stdout","logger":"task"}
{"timestamp":"2025-07-25T08:10:19.262211Z","level":"info","event":"Load total: 8 records","chan":"stdout","logger":"task"}
{"timestamp":"2025-07-25T08:10:19.268744Z","level":"info","event":"Load total: 9 records","chan":"stdout","logger":"task"}
{"timestamp":"2025-07-25T08:10:19.274316Z","level":"info","event":"Load total: 10 records","chan":"stdout","logger":"task"}
{"timestamp":"2025-07-25T08:10:19.279195Z","level":"info","event":"Load total: 11 records","chan":"stdout","logger":"task"}
{"timestamp":"2025-07-25T08:10:19.284105Z","level":"info","event":"Load total: 12 records","chan":"stdout","logger":"task"}
{"timestamp":"2025-07-25T08:10:19.289872Z","level":"info","event":"Load total: 13 records","chan":"stdout","logger":"task"}
{"timestamp":"2025-07-25T08:10:19.295944Z","level":"info","event":"Load total: 14 records","chan":"stdout","logger":"task"}
{"timestamp":"2025-07-25T08:10:19.302224Z","level":"info","event":"Load total: 15 records","chan":"stdout","logger":"task"}
{"timestamp":"2025-07-25T08:10:19.307181Z","level":"info","event":"Load total: 16 records","chan":"stdout","logger":"task"}
{"timestamp":"2025-07-25T08:10:19.312293Z","level":"info","event":"Load total: 17 records","chan":"stdout","logger":"task"}
{"timestamp":"2025-07-25T08:10:19.317432Z","level":"info","event":"Load total: 18 records","chan":"stdout","logger":"task"}
{"timestamp":"2025-07-25T08:10:19.322600Z","level":"info","event":"Load total: 19 records","chan":"stdout","logger":"task"}
{"timestamp":"2025-07-25T08:10:19.328501Z","level":"info","event":"Load total: 20 records","chan":"stdout","logger":"task"}
{"timestamp":"2025-07-25T08:10:19.333828Z","level":"info","event":"Load total: 21 records","chan":"stdout","logger":"task"}
{"timestamp":"2025-07-25T08:10:19.339370Z","level":"info","event":"Load total: 22 records","chan":"stdout","logger":"task"}
{"timestamp":"2025-07-25T08:10:19.345182Z","level":"info","event":"Load total: 23 records","chan":"stdout","logger":"task"}
{"timestamp":"2025-07-25T08:10:19.350213Z","level":"info","event":"Load total: 24 records","chan":"stdout","logger":"task"}
{"timestamp":"2025-07-25T08:10:19.355970Z","level":"info","event":"Load total: 25 records","chan":"stdout","logger":"task"}
{"timestamp":"2025-07-25T08:10:19.361620Z","level":"info","event":"Load total: 26 records","chan":"stdout","logger":"task"}
{"timestamp":"2025-07-25T08:10:19.366395Z","level":"info","event":"Load total: 27 records","chan":"stdout","logger":"task"}
{"timestamp":"2025-07-25T08:10:19.371345Z","level":"info","event":"Load total: 28 records","chan":"stdout","logger":"task"}
{"timestamp":"2025-07-25T08:10:19.377170Z","level":"info","event":"Load total: 29 records","chan":"stdout","logger":"task"}
{"timestamp":"2025-07-25T08:10:19.382460Z","level":"info","event":"Load total: 30 records","chan":"stdout","logger":"task"}
{"timestamp":"2025-07-25T08:10:19.387005Z","level":"info","event":"Load total: 31 records","chan":"stdout","logger":"task"}
{"timestamp":"2025-07-25T08:10:19.391689Z","level":"info","event":"Load total: 32 records","chan":"stdout","logger":"task"}
{"timestamp":"2025-07-25T08:10:19.396582Z","level":"info","event":"Load total: 33 records","chan":"stdout","logger":"task"}
{"timestamp":"2025-07-25T08:10:19.401061Z","level":"info","event":"Load total: 34 records","chan":"stdout","logger":"task"}
{"timestamp":"2025-07-25T08:10:19.406152Z","level":"info","event":"Load total: 35 records","chan":"stdout","logger":"task"}
{"timestamp":"2025-07-25T08:10:19.410907Z","level":"info","event":"Load total: 36 records","chan":"stdout","logger":"task"}
{"timestamp":"2025-07-25T08:10:19.415364Z","level":"info","event":"Load total: 37 records","chan":"stdout","logger":"task"}
{"timestamp":"2025-07-25T08:10:19.420414Z","level":"info","event":"Load total: 38 records","chan":"stdout","logger":"task"}
{"timestamp":"2025-07-25T08:10:19.425539Z","level":"info","event":"Load total: 39 records","chan":"stdout","logger":"task"}
{"timestamp":"2025-07-25T08:10:19.429908Z","level":"info","event":"Load total: 40 records","chan":"stdout","logger":"task"}
{"timestamp":"2025-07-25T08:10:19.433621Z","level":"info","event":"Load total: 41 records","chan":"stdout","logger":"task"}
{"timestamp":"2025-07-25T08:10:19.438050Z","level":"info","event":"Load total: 42 records","chan":"stdout","logger":"task"}
{"timestamp":"2025-07-25T08:10:19.443536Z","level":"info","event":"Load total: 43 records","chan":"stdout","logger":"task"}
{"timestamp":"2025-07-25T08:10:19.447843Z","level":"info","event":"Load total: 44 records","chan":"stdout","logger":"task"}
{"timestamp":"2025-07-25T08:10:19.451529Z","level":"info","event":"Load total: 45 records","chan":"stdout","logger":"task"}
{"timestamp":"2025-07-25T08:10:19.455873Z","level":"info","event":"Load total: 46 records","chan":"stdout","logger":"task"}
{"timestamp":"2025-07-25T08:10:19.460217Z","level":"info","event":"Load total: 47 records","chan":"stdout","logger":"task"}
{"timestamp":"2025-07-25T08:10:19.463707Z","level":"info","event":"Load total: 48 records","chan":"stdout","logger":"task"}
{"timestamp":"2025-07-25T08:10:19.467838Z","level":"info","event":"Load total: 49 records","chan":"stdout","logger":"task"}
{"timestamp":"2025-07-25T08:10:19.471995Z","level":"info","event":"Load total: 50 records","chan":"stdout","logger":"task"}
{"timestamp":"2025-07-25T08:10:19.476652Z","level":"info","event":"Load total: 51 records","chan":"stdout","logger":"task"}
{"timestamp":"2025-07-25T08:10:19.480732Z","level":"info","event":"Load total: 52 records","chan":"stdout","logger":"task"}
{"timestamp":"2025-07-25T08:10:19.484617Z","level":"info","event":"Load total: 53 records","chan":"stdout","logger":"task"}
{"timestamp":"2025-07-25T08:10:19.488376Z","level":"info","event":"Load total: 54 records","chan":"stdout","logger":"task"}
{"timestamp":"2025-07-25T08:10:19.492525Z","level":"info","event":"Load total: 55 records","chan":"stdout","logger":"task"}
{"timestamp":"2025-07-25T08:10:19.496049Z","level":"info","event":"Load total: 56 records","chan":"stdout","logger":"task"}
{"timestamp":"2025-07-25T08:10:19.499916Z","level":"info","event":"Load total: 57 records","chan":"stdout","logger":"task"}
{"timestamp":"2025-07-25T08:10:19.503667Z","level":"info","event":"Load total: 58 records","chan":"stdout","logger":"task"}
{"timestamp":"2025-07-25T08:10:19.507741Z","level":"info","event":"Load total: 59 records","chan":"stdout","logger":"task"}
{"timestamp":"2025-07-25T08:10:19.511490Z","level":"info","event":"Load total: 60 records","chan":"stdout","logger":"task"}
{"timestamp":"2025-07-25T08:10:19.515305Z","level":"info","event":"Load total: 61 records","chan":"stdout","logger":"task"}
{"timestamp":"2025-07-25T08:10:19.518973Z","level":"info","event":"Load total: 62 records","chan":"stdout","logger":"task"}
{"timestamp":"2025-07-25T08:10:19.524271Z","level":"info","event":"Load total: 63 records","chan":"stdout","logger":"task"}
{"timestamp":"2025-07-25T08:10:19.540372Z","level":"info","event":"Load total: 64 records","chan":"stdout","logger":"task"}
{"timestamp":"2025-07-25T08:10:19.546678Z","level":"info","event":"Load total: 65 records","chan":"stdout","logger":"task"}
{"timestamp":"2025-07-25T08:10:19.552402Z","level":"info","event":"Load total: 66 records","chan":"stdout","logger":"task"}
{"timestamp":"2025-07-25T08:10:19.558885Z","level":"info","event":"Load total: 67 records","chan":"stdout","logger":"task"}
{"timestamp":"2025-07-25T08:10:19.564563Z","level":"info","event":"Load total: 68 records","chan":"stdout","logger":"task"}
{"timestamp":"2025-07-25T08:10:19.569647Z","level":"info","event":"Load total: 69 records","chan":"stdout","logger":"task"}
{"timestamp":"2025-07-25T08:10:19.575381Z","level":"info","event":"Load total: 70 records","chan":"stdout","logger":"task"}
{"timestamp":"2025-07-25T08:10:19.580345","level":"info","event":"Done. Returned value was: None","logger":"airflow.task.operators.airflow.providers.standard.operators.python.PythonOperator"}
{"timestamp":"2025-07-25T08:10:19.595258Z","level":"info","event":"Task instance in success state","chan":"stdout","logger":"task"}
{"timestamp":"2025-07-25T08:10:19.595633Z","level":"info","event":" Previous state of the Task instance: TaskInstanceState.RUNNING","chan":"stdout","logger":"task"}
{"timestamp":"2025-07-25T08:10:19.596071Z","level":"info","event":"Task operator:<Task(PythonOperator): Stage_songs>","chan":"stdout","logger":"task"}
