{"timestamp":"2025-07-25T08:54:17.468771","level":"info","event":"DAG bundles loaded: dags-folder, example_dags","logger":"airflow.dag_processing.bundles.manager.DagBundlesManager"}
{"timestamp":"2025-07-25T08:54:17.473216","level":"info","event":"Filling up the DagBag from /opt/airflow/dags/tasks.py","logger":"airflow.models.dagbag.DagBag"}
{"timestamp":"2025-07-25T08:54:17.582897Z","level":"info","event":"Task instance is in running state","chan":"stdout","logger":"task"}
{"timestamp":"2025-07-25T08:54:17.583526Z","level":"info","event":" Previous state of the Task instance: TaskInstanceState.QUEUED","chan":"stdout","logger":"task"}
{"timestamp":"2025-07-25T08:54:17.584453Z","level":"info","event":"Current task name:Stage_songs","chan":"stdout","logger":"task"}
{"timestamp":"2025-07-25T08:54:17.584962Z","level":"info","event":"Dag name:TuneStream_ETL","chan":"stdout","logger":"task"}
{"timestamp":"2025-07-25T08:54:18.161640Z","level":"info","event":"Load total: 0 records","chan":"stdout","logger":"task"}
{"timestamp":"2025-07-25T08:54:18.173766Z","level":"info","event":"Load total: 1 records","chan":"stdout","logger":"task"}
{"timestamp":"2025-07-25T08:54:18.185341Z","level":"info","event":"Load total: 2 records","chan":"stdout","logger":"task"}
{"timestamp":"2025-07-25T08:54:18.193936Z","level":"info","event":"Load total: 3 records","chan":"stdout","logger":"task"}
{"timestamp":"2025-07-25T08:54:18.202457Z","level":"info","event":"Load total: 4 records","chan":"stdout","logger":"task"}
{"timestamp":"2025-07-25T08:54:18.212917Z","level":"info","event":"Load total: 5 records","chan":"stdout","logger":"task"}
{"timestamp":"2025-07-25T08:54:18.224423Z","level":"info","event":"Load total: 6 records","chan":"stdout","logger":"task"}
{"timestamp":"2025-07-25T08:54:18.234229Z","level":"info","event":"Load total: 7 records","chan":"stdout","logger":"task"}
{"timestamp":"2025-07-25T08:54:18.242767Z","level":"info","event":"Load total: 8 records","chan":"stdout","logger":"task"}
{"timestamp":"2025-07-25T08:54:18.253244Z","level":"info","event":"Load total: 9 records","chan":"stdout","logger":"task"}
{"timestamp":"2025-07-25T08:54:18.262838Z","level":"info","event":"Load total: 10 records","chan":"stdout","logger":"task"}
{"timestamp":"2025-07-25T08:54:18.272423Z","level":"info","event":"Load total: 11 records","chan":"stdout","logger":"task"}
{"timestamp":"2025-07-25T08:54:18.282670Z","level":"info","event":"Load total: 12 records","chan":"stdout","logger":"task"}
{"timestamp":"2025-07-25T08:54:18.295770Z","level":"info","event":"Load total: 13 records","chan":"stdout","logger":"task"}
{"timestamp":"2025-07-25T08:54:18.307493Z","level":"info","event":"Load total: 14 records","chan":"stdout","logger":"task"}
{"timestamp":"2025-07-25T08:54:18.316858Z","level":"info","event":"Load total: 15 records","chan":"stdout","logger":"task"}
{"timestamp":"2025-07-25T08:54:18.329355Z","level":"info","event":"Load total: 16 records","chan":"stdout","logger":"task"}
{"timestamp":"2025-07-25T08:54:18.342065Z","level":"info","event":"Load total: 17 records","chan":"stdout","logger":"task"}
{"timestamp":"2025-07-25T08:54:18.356096Z","level":"info","event":"Load total: 18 records","chan":"stdout","logger":"task"}
{"timestamp":"2025-07-25T08:54:18.369736Z","level":"info","event":"Load total: 19 records","chan":"stdout","logger":"task"}
{"timestamp":"2025-07-25T08:54:18.390782Z","level":"info","event":"Load total: 20 records","chan":"stdout","logger":"task"}
{"timestamp":"2025-07-25T08:54:18.404057Z","level":"info","event":"Load total: 21 records","chan":"stdout","logger":"task"}
{"timestamp":"2025-07-25T08:54:18.414126Z","level":"info","event":"Load total: 22 records","chan":"stdout","logger":"task"}
{"timestamp":"2025-07-25T08:54:18.425697Z","level":"info","event":"Load total: 23 records","chan":"stdout","logger":"task"}
{"timestamp":"2025-07-25T08:54:18.436756Z","level":"info","event":"Load total: 24 records","chan":"stdout","logger":"task"}
{"timestamp":"2025-07-25T08:54:18.447591Z","level":"info","event":"Load total: 25 records","chan":"stdout","logger":"task"}
{"timestamp":"2025-07-25T08:54:18.457483Z","level":"info","event":"Load total: 26 records","chan":"stdout","logger":"task"}
{"timestamp":"2025-07-25T08:54:18.468589Z","level":"info","event":"Load total: 27 records","chan":"stdout","logger":"task"}
{"timestamp":"2025-07-25T08:54:18.479599Z","level":"info","event":"Load total: 28 records","chan":"stdout","logger":"task"}
{"timestamp":"2025-07-25T08:54:18.490894Z","level":"info","event":"Load total: 29 records","chan":"stdout","logger":"task"}
{"timestamp":"2025-07-25T08:54:18.501973Z","level":"info","event":"Load total: 30 records","chan":"stdout","logger":"task"}
{"timestamp":"2025-07-25T08:54:18.512589Z","level":"info","event":"Load total: 31 records","chan":"stdout","logger":"task"}
{"timestamp":"2025-07-25T08:54:18.527842Z","level":"info","event":"Load total: 32 records","chan":"stdout","logger":"task"}
{"timestamp":"2025-07-25T08:54:18.539233Z","level":"info","event":"Load total: 33 records","chan":"stdout","logger":"task"}
{"timestamp":"2025-07-25T08:54:18.555051Z","level":"info","event":"Load total: 34 records","chan":"stdout","logger":"task"}
{"timestamp":"2025-07-25T08:54:18.567118Z","level":"info","event":"Load total: 35 records","chan":"stdout","logger":"task"}
{"timestamp":"2025-07-25T08:54:18.577051Z","level":"info","event":"Load total: 36 records","chan":"stdout","logger":"task"}
{"timestamp":"2025-07-25T08:54:18.588959Z","level":"info","event":"Load total: 37 records","chan":"stdout","logger":"task"}
{"timestamp":"2025-07-25T08:54:18.600773Z","level":"info","event":"Load total: 38 records","chan":"stdout","logger":"task"}
{"timestamp":"2025-07-25T08:54:18.613886Z","level":"info","event":"Load total: 39 records","chan":"stdout","logger":"task"}
{"timestamp":"2025-07-25T08:54:18.625384Z","level":"info","event":"Load total: 40 records","chan":"stdout","logger":"task"}
{"timestamp":"2025-07-25T08:54:18.635202Z","level":"info","event":"Load total: 41 records","chan":"stdout","logger":"task"}
{"timestamp":"2025-07-25T08:54:18.645580Z","level":"info","event":"Load total: 42 records","chan":"stdout","logger":"task"}
{"timestamp":"2025-07-25T08:54:18.655709Z","level":"info","event":"Load total: 43 records","chan":"stdout","logger":"task"}
{"timestamp":"2025-07-25T08:54:18.666434Z","level":"info","event":"Load total: 44 records","chan":"stdout","logger":"task"}
{"timestamp":"2025-07-25T08:54:18.676512Z","level":"info","event":"Load total: 45 records","chan":"stdout","logger":"task"}
{"timestamp":"2025-07-25T08:54:18.685399Z","level":"info","event":"Load total: 46 records","chan":"stdout","logger":"task"}
{"timestamp":"2025-07-25T08:54:18.697793Z","level":"info","event":"Load total: 47 records","chan":"stdout","logger":"task"}
{"timestamp":"2025-07-25T08:54:18.708624Z","level":"info","event":"Load total: 48 records","chan":"stdout","logger":"task"}
{"timestamp":"2025-07-25T08:54:18.718348Z","level":"info","event":"Load total: 49 records","chan":"stdout","logger":"task"}
{"timestamp":"2025-07-25T08:54:18.728202Z","level":"info","event":"Load total: 50 records","chan":"stdout","logger":"task"}
{"timestamp":"2025-07-25T08:54:18.738586Z","level":"info","event":"Load total: 51 records","chan":"stdout","logger":"task"}
{"timestamp":"2025-07-25T08:54:18.749281Z","level":"info","event":"Load total: 52 records","chan":"stdout","logger":"task"}
{"timestamp":"2025-07-25T08:54:18.758880Z","level":"info","event":"Load total: 53 records","chan":"stdout","logger":"task"}
{"timestamp":"2025-07-25T08:54:18.768523Z","level":"info","event":"Load total: 54 records","chan":"stdout","logger":"task"}
{"timestamp":"2025-07-25T08:54:18.777613Z","level":"info","event":"Load total: 55 records","chan":"stdout","logger":"task"}
{"timestamp":"2025-07-25T08:54:18.787269Z","level":"info","event":"Load total: 56 records","chan":"stdout","logger":"task"}
{"timestamp":"2025-07-25T08:54:18.796606Z","level":"info","event":"Load total: 57 records","chan":"stdout","logger":"task"}
{"timestamp":"2025-07-25T08:54:18.806411Z","level":"info","event":"Load total: 58 records","chan":"stdout","logger":"task"}
{"timestamp":"2025-07-25T08:54:18.816694Z","level":"info","event":"Load total: 59 records","chan":"stdout","logger":"task"}
{"timestamp":"2025-07-25T08:54:18.827575Z","level":"info","event":"Load total: 60 records","chan":"stdout","logger":"task"}
{"timestamp":"2025-07-25T08:54:18.837118Z","level":"info","event":"Load total: 61 records","chan":"stdout","logger":"task"}
{"timestamp":"2025-07-25T08:54:18.848245Z","level":"info","event":"Load total: 62 records","chan":"stdout","logger":"task"}
{"timestamp":"2025-07-25T08:54:18.857593Z","level":"info","event":"Load total: 63 records","chan":"stdout","logger":"task"}
{"timestamp":"2025-07-25T08:54:18.867049Z","level":"info","event":"Load total: 64 records","chan":"stdout","logger":"task"}
{"timestamp":"2025-07-25T08:54:18.876814Z","level":"info","event":"Load total: 65 records","chan":"stdout","logger":"task"}
{"timestamp":"2025-07-25T08:54:18.886951Z","level":"info","event":"Load total: 66 records","chan":"stdout","logger":"task"}
{"timestamp":"2025-07-25T08:54:18.896133Z","level":"info","event":"Load total: 67 records","chan":"stdout","logger":"task"}
{"timestamp":"2025-07-25T08:54:18.906335Z","level":"info","event":"Load total: 68 records","chan":"stdout","logger":"task"}
{"timestamp":"2025-07-25T08:54:18.915787Z","level":"info","event":"Load total: 69 records","chan":"stdout","logger":"task"}
{"timestamp":"2025-07-25T08:54:18.926876Z","level":"info","event":"Load total: 70 records","chan":"stdout","logger":"task"}
{"timestamp":"2025-07-25T08:54:18.938261","level":"info","event":"Done. Returned value was: None","logger":"airflow.task.operators.airflow.providers.standard.operators.python.PythonOperator"}
{"timestamp":"2025-07-25T08:54:18.973254Z","level":"info","event":"Task instance in success state","chan":"stdout","logger":"task"}
{"timestamp":"2025-07-25T08:54:18.973890Z","level":"info","event":" Previous state of the Task instance: TaskInstanceState.RUNNING","chan":"stdout","logger":"task"}
{"timestamp":"2025-07-25T08:54:18.974741Z","level":"info","event":"Task operator:<Task(PythonOperator): Stage_songs>","chan":"stdout","logger":"task"}
