{"timestamp":"2025-07-25T06:53:51.664799","level":"info","event":"DAG bundles loaded: dags-folder, example_dags","logger":"airflow.dag_processing.bundles.manager.DagBundlesManager"}
{"timestamp":"2025-07-25T06:53:51.665606","level":"info","event":"Filling up the DagBag from /opt/airflow/dags/tasks.py","logger":"airflow.models.dagbag.DagBag"}
{"timestamp":"2025-07-25T06:53:52.384900Z","level":"info","event":"Task instance is in running state","chan":"stdout","logger":"task"}
{"timestamp":"2025-07-25T06:53:52.389678Z","level":"info","event":" Previous state of the Task instance: TaskInstanceState.QUEUED","chan":"stdout","logger":"task"}
{"timestamp":"2025-07-25T06:53:52.391345Z","level":"info","event":"Current task name:Stage_songs","chan":"stdout","logger":"task"}
{"timestamp":"2025-07-25T06:53:52.393166Z","level":"info","event":"Dag name:TuneStream_ETL","chan":"stdout","logger":"task"}
{"timestamp":"2025-07-25T06:53:54.210212Z","level":"info","event":"Load 0","chan":"stdout","logger":"task"}
{"timestamp":"2025-07-25T06:53:54.219286Z","level":"info","event":"Load 1","chan":"stdout","logger":"task"}
{"timestamp":"2025-07-25T06:53:54.228096Z","level":"info","event":"Load 2","chan":"stdout","logger":"task"}
{"timestamp":"2025-07-25T06:53:54.236250Z","level":"info","event":"Load 3","chan":"stdout","logger":"task"}
{"timestamp":"2025-07-25T06:53:54.244001Z","level":"info","event":"Load 4","chan":"stdout","logger":"task"}
{"timestamp":"2025-07-25T06:53:54.250846Z","level":"info","event":"Load 5","chan":"stdout","logger":"task"}
{"timestamp":"2025-07-25T06:53:54.260562Z","level":"info","event":"Load 6","chan":"stdout","logger":"task"}
{"timestamp":"2025-07-25T06:53:54.269548Z","level":"info","event":"Load 7","chan":"stdout","logger":"task"}
{"timestamp":"2025-07-25T06:53:54.278788Z","level":"info","event":"Load 8","chan":"stdout","logger":"task"}
{"timestamp":"2025-07-25T06:53:54.287726Z","level":"info","event":"Load 9","chan":"stdout","logger":"task"}
{"timestamp":"2025-07-25T06:53:54.296479Z","level":"info","event":"Load 10","chan":"stdout","logger":"task"}
{"timestamp":"2025-07-25T06:53:54.307207Z","level":"info","event":"Load 11","chan":"stdout","logger":"task"}
{"timestamp":"2025-07-25T06:53:54.315125Z","level":"info","event":"Load 12","chan":"stdout","logger":"task"}
{"timestamp":"2025-07-25T06:53:54.325812Z","level":"info","event":"Load 13","chan":"stdout","logger":"task"}
{"timestamp":"2025-07-25T06:53:54.333441Z","level":"info","event":"Load 14","chan":"stdout","logger":"task"}
{"timestamp":"2025-07-25T06:53:54.343013Z","level":"info","event":"Load 15","chan":"stdout","logger":"task"}
{"timestamp":"2025-07-25T06:53:54.352472Z","level":"info","event":"Load 16","chan":"stdout","logger":"task"}
{"timestamp":"2025-07-25T06:53:54.360592Z","level":"info","event":"Load 17","chan":"stdout","logger":"task"}
{"timestamp":"2025-07-25T06:53:54.369414Z","level":"info","event":"Load 18","chan":"stdout","logger":"task"}
{"timestamp":"2025-07-25T06:53:54.378422Z","level":"info","event":"Load 19","chan":"stdout","logger":"task"}
{"timestamp":"2025-07-25T06:53:54.386403Z","level":"info","event":"Load 20","chan":"stdout","logger":"task"}
{"timestamp":"2025-07-25T06:53:54.395999Z","level":"info","event":"Load 21","chan":"stdout","logger":"task"}
{"timestamp":"2025-07-25T06:53:54.405276Z","level":"info","event":"Load 22","chan":"stdout","logger":"task"}
{"timestamp":"2025-07-25T06:53:54.414936Z","level":"info","event":"Load 23","chan":"stdout","logger":"task"}
{"timestamp":"2025-07-25T06:53:54.425050Z","level":"info","event":"Load 24","chan":"stdout","logger":"task"}
{"timestamp":"2025-07-25T06:53:54.432746Z","level":"info","event":"Load 25","chan":"stdout","logger":"task"}
{"timestamp":"2025-07-25T06:53:54.441796Z","level":"info","event":"Load 26","chan":"stdout","logger":"task"}
{"timestamp":"2025-07-25T06:53:54.449032Z","level":"info","event":"Load 27","chan":"stdout","logger":"task"}
{"timestamp":"2025-07-25T06:53:54.458780Z","level":"info","event":"Load 28","chan":"stdout","logger":"task"}
{"timestamp":"2025-07-25T06:53:54.467682Z","level":"info","event":"Load 29","chan":"stdout","logger":"task"}
{"timestamp":"2025-07-25T06:53:54.477849Z","level":"info","event":"Load 30","chan":"stdout","logger":"task"}
{"timestamp":"2025-07-25T06:53:54.487278Z","level":"info","event":"Load 31","chan":"stdout","logger":"task"}
{"timestamp":"2025-07-25T06:53:54.496315Z","level":"info","event":"Load 32","chan":"stdout","logger":"task"}
{"timestamp":"2025-07-25T06:53:54.507206Z","level":"info","event":"Load 33","chan":"stdout","logger":"task"}
{"timestamp":"2025-07-25T06:53:54.513948Z","level":"info","event":"Load 34","chan":"stdout","logger":"task"}
{"timestamp":"2025-07-25T06:53:54.524012Z","level":"info","event":"Load 35","chan":"stdout","logger":"task"}
{"timestamp":"2025-07-25T06:53:54.533873Z","level":"info","event":"Load 36","chan":"stdout","logger":"task"}
{"timestamp":"2025-07-25T06:53:54.543961Z","level":"info","event":"Load 37","chan":"stdout","logger":"task"}
{"timestamp":"2025-07-25T06:53:54.551532Z","level":"info","event":"Load 38","chan":"stdout","logger":"task"}
{"timestamp":"2025-07-25T06:53:54.561985Z","level":"info","event":"Load 39","chan":"stdout","logger":"task"}
{"timestamp":"2025-07-25T06:53:54.578556Z","level":"info","event":"Load 40","chan":"stdout","logger":"task"}
{"timestamp":"2025-07-25T06:53:54.587278Z","level":"info","event":"Load 41","chan":"stdout","logger":"task"}
{"timestamp":"2025-07-25T06:53:54.596061Z","level":"info","event":"Load 42","chan":"stdout","logger":"task"}
{"timestamp":"2025-07-25T06:53:54.604832Z","level":"info","event":"Load 43","chan":"stdout","logger":"task"}
{"timestamp":"2025-07-25T06:53:54.612392Z","level":"info","event":"Load 44","chan":"stdout","logger":"task"}
{"timestamp":"2025-07-25T06:53:54.621312Z","level":"info","event":"Load 45","chan":"stdout","logger":"task"}
{"timestamp":"2025-07-25T06:53:54.628922Z","level":"info","event":"Load 46","chan":"stdout","logger":"task"}
{"timestamp":"2025-07-25T06:53:54.638952Z","level":"info","event":"Load 47","chan":"stdout","logger":"task"}
{"timestamp":"2025-07-25T06:53:54.646135Z","level":"info","event":"Load 48","chan":"stdout","logger":"task"}
{"timestamp":"2025-07-25T06:53:54.654592Z","level":"info","event":"Load 49","chan":"stdout","logger":"task"}
{"timestamp":"2025-07-25T06:53:54.661815Z","level":"info","event":"Load 50","chan":"stdout","logger":"task"}
{"timestamp":"2025-07-25T06:53:54.670473Z","level":"info","event":"Load 51","chan":"stdout","logger":"task"}
{"timestamp":"2025-07-25T06:53:54.678165Z","level":"info","event":"Load 52","chan":"stdout","logger":"task"}
{"timestamp":"2025-07-25T06:53:54.686806Z","level":"info","event":"Load 53","chan":"stdout","logger":"task"}
{"timestamp":"2025-07-25T06:53:54.695568Z","level":"info","event":"Load 54","chan":"stdout","logger":"task"}
{"timestamp":"2025-07-25T06:53:54.705790Z","level":"info","event":"Load 55","chan":"stdout","logger":"task"}
{"timestamp":"2025-07-25T06:53:54.714203Z","level":"info","event":"Load 56","chan":"stdout","logger":"task"}
{"timestamp":"2025-07-25T06:53:54.723761Z","level":"info","event":"Load 57","chan":"stdout","logger":"task"}
{"timestamp":"2025-07-25T06:53:54.732746Z","level":"info","event":"Load 58","chan":"stdout","logger":"task"}
{"timestamp":"2025-07-25T06:53:54.741015Z","level":"info","event":"Load 59","chan":"stdout","logger":"task"}
{"timestamp":"2025-07-25T06:53:54.748954Z","level":"info","event":"Load 60","chan":"stdout","logger":"task"}
{"timestamp":"2025-07-25T06:53:54.759563Z","level":"info","event":"Load 61","chan":"stdout","logger":"task"}
{"timestamp":"2025-07-25T06:53:54.770053Z","level":"info","event":"Load 62","chan":"stdout","logger":"task"}
{"timestamp":"2025-07-25T06:53:54.777582Z","level":"info","event":"Load 63","chan":"stdout","logger":"task"}
{"timestamp":"2025-07-25T06:53:54.786207Z","level":"info","event":"Load 64","chan":"stdout","logger":"task"}
{"timestamp":"2025-07-25T06:53:54.794082Z","level":"info","event":"Load 65","chan":"stdout","logger":"task"}
{"timestamp":"2025-07-25T06:53:54.802469Z","level":"info","event":"Load 66","chan":"stdout","logger":"task"}
{"timestamp":"2025-07-25T06:53:54.810163Z","level":"info","event":"Load 67","chan":"stdout","logger":"task"}
{"timestamp":"2025-07-25T06:53:54.817208Z","level":"info","event":"Load 68","chan":"stdout","logger":"task"}
{"timestamp":"2025-07-25T06:53:54.824840Z","level":"info","event":"Load 69","chan":"stdout","logger":"task"}
{"timestamp":"2025-07-25T06:53:54.830707Z","level":"info","event":"Load 70","chan":"stdout","logger":"task"}
{"timestamp":"2025-07-25T06:53:54.838056","level":"info","event":"Done. Returned value was: None","logger":"airflow.task.operators.airflow.providers.standard.operators.python.PythonOperator"}
{"timestamp":"2025-07-25T06:53:54.874124Z","level":"info","event":"Task instance in success state","chan":"stdout","logger":"task"}
{"timestamp":"2025-07-25T06:53:54.874588Z","level":"info","event":" Previous state of the Task instance: TaskInstanceState.RUNNING","chan":"stdout","logger":"task"}
{"timestamp":"2025-07-25T06:53:54.875084Z","level":"info","event":"Task operator:<Task(PythonOperator): Stage_songs>","chan":"stdout","logger":"task"}
